\BOOKMARK [0][-]{chapter.1}{\376\377\000G\000i\036\333\000i\000\040\000t\000h\000i\036\307\000u\000\040\000v\036\245\000n\000\040\001\021\036\301}{}% 1
\BOOKMARK [1][-]{section.1.1}{\376\377\000G\000i\036\333\000i\000\040\000t\000h\000i\036\307\000u}{chapter.1}% 2
\BOOKMARK [2][-]{subsection.1.1.1}{\376\377\000M\036\345\000c\000\040\000t\000i\000\352\000u\000\040\000v\000\340\000\040\000p\000h\036\241\000m\000\040\000v\000i\000\040\000b\000\340\000i\000\040\000b\000\341\000o\000\040\000c\000\341\000o}{section.1.1}% 3
\BOOKMARK [0][-]{chapter.2}{\376\377\000K\000i\036\277\000n\000\040\000t\000h\036\351\000c\000\040\000c\000h\000u\036\251\000n\000\040\000b\036\313}{}% 4
\BOOKMARK [1][-]{section.2.1}{\376\377\000K\000h\000\364\000n\000g\000\040\000g\000i\000a\000n\000\040\000v\000\340\000\040\000h\036\307\000\040\000t\036\315\000a\000\040\001\021\036\331}{chapter.2}% 5
\BOOKMARK [1][-]{section.2.2}{\376\377\000P\000h\000\351\000p\000\040\000t\036\313\000n\000h\000\040\000t\000i\036\277\000n}{chapter.2}% 6
\BOOKMARK [1][-]{section.2.3}{\376\377\000P\000h\000\351\000p\000\040\000x\000o\000a\000y}{chapter.2}% 7
\BOOKMARK [1][-]{section.2.4}{\376\377\000P\000h\000\342\000n\000\040\000r\000\343\000\040\000g\000i\000\341\000\040\000t\000r\036\313\000\040\000r\000i\000\352\000n\000g\000\040\000s\000u\000y\000\040\000b\000i\036\277\000n\000\040\000\050\000S\000V\000D\000\051}{chapter.2}% 8
\BOOKMARK [1][-]{section.2.5}{\376\377\000B\000i\036\303\000u\000\040\000d\000i\036\305\000n\000\040\000b\036\261\000n\000g\000\040\000q\000u\000a\000t\000e\000r\000n\000i\000o\000n}{chapter.2}% 9
\BOOKMARK [0][-]{chapter.3}{\376\377\000B\000\340\000i\000\040\000t\000o\000\341\000n\000\040\000n\000h\036\255\000n\000\040\000d\000i\036\307\000n\000\040\000c\000\341\000c\000\040\001\021\000i\036\303\000m\000\040\000m\036\321\000c\000\040\000t\000r\000\352\000n\000\040\000b\000\340\000n\000\040\000t\000a\000y}{}% 10
\BOOKMARK [1][-]{section.3.1}{\376\377\000K\000h\000\364\000n\000g\000\040\000g\000i\000a\000n\000\040\000v\000\340\000\040\000h\036\307\000\040\000t\000o\036\241\000\040\001\021\036\331}{chapter.3}% 11
\BOOKMARK [2][-]{subsection.3.1.1}{\376\377\000W\000o\000r\000l\000d\000\040\000S\000p\000a\000c\000e}{section.3.1}% 12
\BOOKMARK [2][-]{subsection.3.1.2}{\376\377\000C\000a\000m\000e\000r\000a\000\040\000S\000p\000a\000c\000e}{section.3.1}% 13
\BOOKMARK [2][-]{subsection.3.1.3}{\376\377\000I\000m\000a\000g\000e\000\040\000S\000p\000a\000c\000e}{section.3.1}% 14
\BOOKMARK [2][-]{subsection.3.1.4}{\376\377\000N\000o\000r\000m\000a\000l\000i\000z\000e\000d\000\040\000L\000a\000n\000d\000m\000a\000r\000k\000\040\000S\000p\000a\000c\000e}{section.3.1}% 15
\BOOKMARK [2][-]{subsection.3.1.5}{\376\377\000T\036\353\000\040\000k\000h\000\364\000n\000g\000\040\000g\000i\000a\000n\000\040\000c\000h\000u\036\251\000n\000\040\000h\000\363\000a\000\040\001\021\036\277\000n\000\040\000k\000h\000\364\000n\000g\000\040\000g\000i\000a\000n\000\040\000l\000\340\000m\000\040\000v\000i\036\307\000c\000\040\0003\000D}{section.3.1}% 16
\BOOKMARK [2][-]{subsection.3.1.6}{\376\377\000T\000\363\000m\000\040\000t\036\257\000t\000\040\000q\000u\000a\000n\000\040\000h\036\307\000\040\000g\000i\036\357\000a\000\040\000c\000\341\000c\000\040\000k\000h\000\364\000n\000g\000\040\000g\000i\000a\000n}{section.3.1}% 17
\BOOKMARK [1][-]{section.3.2}{\376\377\000B\000\340\000i\000\040\000t\000o\000\341\000n\000\040\000p\000h\000\341\000t\000\040\000h\000i\036\307\000n\000\040\000l\000a\000n\000d\000m\000a\000r\000k\000s\000\040\000t\000r\000\352\000n\000\040\036\243\000n\000h}{chapter.3}% 18
\BOOKMARK [2][-]{subsection.3.2.1}{\376\377\000C\036\245\000u\000\040\000t\000r\000\372\000c\000\040\000h\000\354\000n\000h\000\040\000h\036\315\000c\000\040\000c\036\347\000a\000\040\000b\000\340\000n\000\040\000t\000a\000y}{section.3.2}% 19
\BOOKMARK [2][-]{subsection.3.2.2}{\376\377\001\020\036\247\000u\000\040\000v\000\340\000o\000\040\000v\000\340\000\040\001\021\036\247\000u\000\040\000r\000a\000\040\000c\036\347\000a\000\040\000m\000\364\000\040\000h\000\354\000n\000h}{section.3.2}% 20
\BOOKMARK [2][-]{subsection.3.2.3}{\376\377\000H\000\340\000m\000\040\000m\036\345\000c\000\040\000t\000i\000\352\000u\000\040\000h\000u\036\245\000n\000\040\000l\000u\000y\036\307\000n}{section.3.2}% 21
\BOOKMARK [1][-]{section.3.3}{\376\377\000T\000h\001\260\000\040\000v\000i\036\307\000n\000\040\000M\000e\000d\000i\000a\000P\000i\000p\000e}{chapter.3}% 22
\BOOKMARK [2][-]{subsection.3.3.1}{\376\377\000G\000i\036\333\000i\000\040\000t\000h\000i\036\307\000u}{section.3.3}% 23
\BOOKMARK [2][-]{subsection.3.3.2}{\376\377\000L\000u\036\323\000n\000g\000\040\000h\000o\036\241\000t\000\040\001\021\036\331\000n\000g\000\040\000v\000\340\000\040\000m\000\364\000\040\000h\000\354\000n\000h\000\040\000s\036\355\000\040\000d\036\345\000n\000g}{section.3.3}% 24
\BOOKMARK [2][-]{subsection.3.3.3}{\376\377\001\020\000\341\000n\000h\000\040\000g\000i\000\341\000\040\000v\000\340\000\040\000n\000h\036\255\000n\000\040\000x\000\351\000t}{section.3.3}% 25
\BOOKMARK [0][-]{chapter.4}{\376\377\000T\000r\000\355\000c\000h\000\040\000x\000u\036\245\000t\000\040\000c\000\341\000c\000\040\000t\000\341\000c\000\040\001\021\036\331\000n\000g\000\040\000l\000\352\000n\000\040\000c\000\341\000c\000\040\001\021\000i\036\303\000m}{}% 26
\BOOKMARK [1][-]{section.4.1}{\376\377\000T\000r\000\355\000c\000h\000\040\000x\000u\036\245\000t\000\040\000c\000h\000u\000y\036\303\000n\000\040\001\021\036\331\000n\000g\000\040\000t\036\353\000\040\036\243\000n\000h}{chapter.4}% 27
\BOOKMARK [2][-]{subsection.4.1.1}{\376\377\000N\000g\000u\000y\000\352\000n\000\040\000l\000\375\000\040\000v\000\340\000\040\000m\000\364\000\040\000h\000\354\000n\000h\000\040\000t\000o\000\341\000n\000\040\000h\036\315\000c}{section.4.1}% 28
\BOOKMARK [2][-]{subsection.4.1.2}{\376\377\000P\000h\001\260\001\241\000n\000g\000\040\000p\000h\000\341\000p\000\040\000L\000u\000c\000a\000s\040\023\000K\000a\000n\000a\000d\000e\000\040\000c\036\345\000c\000\040\000b\036\331}{section.4.1}% 29
\BOOKMARK [2][-]{subsection.4.1.3}{\376\377\000T\000\355\000n\000h\000\040\000v\036\255\000n\000\040\000t\036\321\000c\000\040\000v\000\340\000\040\000h\001\260\036\333\000n\000g\000\040\000c\000h\000u\000y\036\303\000n\000\040\001\021\036\331\000n\000g}{section.4.1}% 30
\BOOKMARK [1][-]{section.4.2}{\376\377\000T\000r\000\355\000c\000h\000\040\000x\000u\036\245\000t\000\040\000p\000h\000\351\000p\000\040\000q\000u\000a\000y\000\040\000g\000i\036\357\000a\000\040\000c\000\341\000c\000\040\000k\000h\000u\000n\000g\000\040\000h\000\354\000n\000h}{chapter.4}% 31
\BOOKMARK [2][-]{subsection.4.2.1}{\376\377\000M\000\364\000\040\000h\000\354\000n\000h\000\040\000b\000\340\000i\000\040\000t\000o\000\341\000n}{section.4.2}% 32
\BOOKMARK [2][-]{subsection.4.2.2}{\376\377\000G\000i\036\243\000i\000\040\000t\000h\000u\036\255\000t\000\040\000K\000a\000b\000s\000c\000h}{section.4.2}% 33
\BOOKMARK [2][-]{subsection.4.2.3}{\376\377\000\335\000\040\000n\000g\000h\001\051\000a\000\040\000h\000\354\000n\000h\000\040\000h\036\315\000c}{section.4.2}% 34
\BOOKMARK [0][-]{chapter.5}{\376\377\000B\000\340\000i\000\040\000t\000o\000\341\000n\000\040\000g\000\341\000n\000\040\000c\000\341\000c\000\040\001\021\000i\036\303\000m\000\040\000m\036\321\000c\000\040\000v\000\340\000o\000\040\000m\000\364\000\040\000h\000\354\000n\000h\000\040\000b\000\340\000n\000\040\000t\000a\000y\000\040\0003\000D}{}% 35
\BOOKMARK [1][-]{section.5.1}{\376\377\000K\000h\000\364\000n\000g\000\040\000g\000i\000a\000n\000\040\000v\000\340\000\040\000c\036\245\000u\000\040\000t\000r\000\372\000c\000\040\000k\000h\000u\000n\000g\000\040\000x\001\260\001\241\000n\000g\000\040\000c\036\347\000a\000\040\000m\000\364\000\040\000h\000\354\000n\000h\000\040\000b\000\340\000n\000\040\000t\000a\000y}{chapter.5}% 36
\BOOKMARK [2][-]{subsection.5.1.1}{\376\377\000H\036\307\000\040\000t\000o\036\241\000\040\001\021\036\331\000\040\000c\001\241\000\040\000s\036\337}{section.5.1}% 37
\BOOKMARK [2][-]{subsection.5.1.2}{\376\377\000C\036\245\000u\000\040\000t\000r\000\372\000c\000\040\000p\000h\000\342\000n\000\040\000c\036\245\000p\000\040\000c\036\347\000a\000\040\000k\000h\000u\000n\000g\000\040\000x\001\260\001\241\000n\000g}{section.5.1}% 38
\BOOKMARK [2][-]{subsection.5.1.3}{\376\377\001\020\036\313\000n\000h\000\040\000h\001\260\036\333\000n\000g\000\040\000k\000h\036\333\000p\000\040\000b\036\261\000n\000g\000\040\000q\000u\000a\000t\000e\000r\000n\000i\000o\000n}{section.5.1}% 39
\BOOKMARK [2][-]{subsection.5.1.4}{\376\377\000\335\000\040\000n\000g\000h\001\051\000a\000\040\000t\000r\000o\000n\000g\000\040\000k\000h\000\364\000n\000g\000\040\000g\000i\000a\000n\000\040\000m\000\364\000\040\000h\000\354\000n\000h}{section.5.1}% 40
\BOOKMARK [1][-]{section.5.2}{\376\377\000R\000e\000t\000a\000r\000g\000e\000t\000i\000n\000g\000\040\000t\036\353\000\040\000l\000a\000n\000d\000m\000a\000r\000k\000s\000\040\0003\000D\000\040\000s\000a\000n\000g\000\040\000m\000\364\000\040\000h\000\354\000n\000h\000\040\000x\001\260\001\241\000n\000g}{chapter.5}% 41
\BOOKMARK [2][-]{subsection.5.2.1}{\376\377\000C\036\245\000u\000\040\000t\000r\000\372\000c\000\040\000p\000h\000\342\000n\000\040\000c\036\245\000p\000\040\000v\000\340\000\040\000b\036\243\000n\000g\000\040\000\341\000n\000h\000\040\000x\036\241}{section.5.2}% 42
\BOOKMARK [2][-]{subsection.5.2.2}{\376\377\000C\000h\000u\036\327\000i\000\040\000n\000g\000\363\000n\000\040\000t\000a\000y\000\040\000v\000\340\000\040\000b\000i\000n\000d\000\040\000p\000o\000s\000e}{section.5.2}% 43
\BOOKMARK [2][-]{subsection.5.2.3}{\376\377\000C\000h\000u\000y\036\303\000n\000\040\001\021\036\325\000i\000\040\000k\000h\000\364\000n\000g\000\040\000g\000i\000a\000n\000\040\000t\036\315\000a\000\040\001\021\036\331}{section.5.2}% 44
\BOOKMARK [2][-]{subsection.5.2.4}{\376\377\000T\000\355\000n\000h\000\040\000q\000u\000a\000t\000e\000r\000n\000i\000o\000n\000\040\000l\000o\000c\000a\000l\000\040\000c\000h\000o\000\040\000t\036\353\000n\000g\000\040\000b\000o\000n\000e}{section.5.2}% 45
\BOOKMARK [2][-]{subsection.5.2.5}{\376\377\000F\000o\000r\000w\000a\000r\000d\000\040\000k\000i\000n\000e\000m\000a\000t\000i\000c\000s}{section.5.2}% 46
\BOOKMARK [0][-]{chapter.6}{\376\377\000N\000h\036\255\000n\000\040\000x\000\351\000t\000\040\000v\000\340\000\040\000k\036\277\000t\000\040\000l\000u\036\255\000n}{}% 47
\BOOKMARK [1][-]{section.6.1}{\376\377\000T\000\363\000m\000\040\000t\036\257\000t\000\040\000k\036\277\000t\000\040\000q\000u\036\243}{chapter.6}% 48
\BOOKMARK [1][-]{section.6.2}{\376\377\001\020\000\341\000n\000h\000\040\000g\000i\000\341\000\040\000v\000\340\000\040\000h\036\241\000n\000\040\000c\000h\036\277}{chapter.6}% 49
\BOOKMARK [1][-]{section.6.3}{\376\377\000K\036\277\000t\000\040\000l\000u\036\255\000n}{chapter.6}% 50
